[09:57:59] [main/INFO] (FabricLoader/GameProvider) Loading Minecraft 1.20.1 with Fabric Loader 0.16.10
[09:57:59] [main/INFO] (FabricLoader) Loading 59 mods:
	- fabric-api 0.92.6+1.20.1
	- fabric-api-base 0.4.32+1802ada577
	- fabric-api-lookup-api-v1 1.6.37+1802ada577
	- fabric-biome-api-v1 13.0.14+1802ada577
	- fabric-block-api-v1 1.0.12+1802ada577
	- fabric-block-view-api-v2 1.0.3+924f046a77
	- fabric-blockrenderlayer-v1 1.1.42+1802ada577
	- fabric-client-tags-api-v1 1.1.3+1802ada577
	- fabric-command-api-v1 1.2.35+f71b366f77
	- fabric-command-api-v2 2.2.14+1802ada577
	- fabric-commands-v0 0.2.52+df3654b377
	- fabric-containers-v0 0.1.67+df3654b377
	- fabric-content-registries-v0 4.0.13+1802ada577
	- fabric-convention-tags-v1 1.5.6+1802ada577
	- fabric-crash-report-info-v1 0.2.20+1802ada577
	- fabric-data-attachment-api-v1 1.0.2+de0fd6d177
	- fabric-data-generation-api-v1 12.3.7+1802ada577
	- fabric-dimensions-v1 2.1.55+1802ada577
	- fabric-entity-events-v1 1.6.1+1c78457f77
	- fabric-events-interaction-v0 0.6.5+13a40c6677
	- fabric-events-lifecycle-v0 0.2.64+df3654b377
	- fabric-game-rule-api-v1 1.0.41+1802ada577
	- fabric-gametest-api-v1 1.2.15+1802ada577
	- fabric-item-api-v1 2.1.29+1802ada577
	- fabric-item-group-api-v1 4.0.14+1802ada577
	- fabric-key-binding-api-v1 1.0.38+1802ada577
	- fabric-keybindings-v0 0.2.36+df3654b377
	- fabric-lifecycle-events-v1 2.2.23+1802ada577
	- fabric-loot-api-v2 1.2.3+1802ada577
	- fabric-loot-tables-v1 1.1.47+9e7660c677
	- fabric-message-api-v1 5.1.10+1802ada577
	- fabric-mining-level-api-v1 2.1.52+1802ada577
	- fabric-model-loading-api-v1 1.0.4+1802ada577
	- fabric-models-v0 0.4.3+9386d8a777
	- fabric-networking-api-v1 1.3.14+a158aa0477
	- fabric-networking-v0 0.3.54+df3654b377
	- fabric-object-builder-api-v1 11.1.5+e35120df77
	- fabric-particles-v1 1.1.3+1802ada577
	- fabric-recipe-api-v1 1.0.24+1802ada577
	- fabric-registry-sync-v0 2.3.6+1802ada577
	- fabric-renderer-api-v1 3.2.2+1802ada577
	- fabric-renderer-indigo 1.5.3+85287f9f77
	- fabric-renderer-registries-v1 3.2.47+df3654b377
	- fabric-rendering-data-attachment-v1 0.3.39+92a0d36777
	- fabric-rendering-fluids-v1 3.0.29+1802ada577
	- fabric-rendering-v0 1.1.50+df3654b377
	- fabric-rendering-v1 3.0.9+1802ada577
	- fabric-resource-conditions-api-v1 2.3.9+1802ada577
	- fabric-resource-loader-v0 0.11.12+fb82e9d777
	- fabric-screen-api-v1 2.0.9+1802ada577
	- fabric-screen-handler-api-v1 1.3.33+1802ada577
	- fabric-sound-api-v1 1.0.14+1802ada577
	- fabric-transfer-api-v1 3.3.6+8dd72ea377
	- fabric-transitive-access-wideners-v1 4.3.2+1802ada577
	- fabricloader 0.16.10
	- fast 1.0
	- java 17
	- minecraft 1.20.1
	- mixinextras 0.4.1
[09:57:59] [main/INFO] (FabricLoader/Mixin) SpongePowered MIXIN Subsystem Version=0.8.7 Source=file:/F:/.gradle/caches/modules-2/files-2.1/net.fabricmc/sponge-mixin/0.15.4+mixin.0.8.7/6a12aacc794f1078458433116e9ed42c1cc98096/sponge-mixin-0.15.4+mixin.0.8.7.jar Service=Knot/Fabric Env=CLIENT
[09:57:59] [main/INFO] (FabricLoader/Mixin) Loaded Fabric development mappings for mixin remapper!
[09:57:59] [main/INFO] (FabricLoader/Mixin) Compatibility level set to JAVA_16
[09:57:59] [main/INFO] (FabricLoader/Mixin) Compatibility level set to JAVA_17
[09:58:01] [main/INFO] (FabricLoader/MixinExtras|Service) Initializing MixinExtras via com.llamalad7.mixinextras.service.MixinExtrasServiceImpl(version=0.4.1).
[09:58:06] [Datafixer Bootstrap/INFO] (Minecraft) 188 Datafixer optimizations took 178 milliseconds
[09:58:08] [Render thread/INFO] (Minecraft) Environment: authHost='https://authserver.mojang.com', accountsHost='https://api.mojang.com', sessionHost='https://sessionserver.mojang.com', servicesHost='https://api.minecraftservices.com', name='PROD'
[09:58:09] [Render thread/ERROR] (Minecraft) Failed to verify authentication
com.mojang.authlib.exceptions.InvalidCredentialsException: Status: 401
	at com.mojang.authlib.exceptions.MinecraftClientHttpException.toAuthenticationException(MinecraftClientHttpException.java:56) ~[authlib-4.0.43.jar:?]
	at com.mojang.authlib.yggdrasil.YggdrasilUserApiService.fetchProperties(YggdrasilUserApiService.java:156) ~[authlib-4.0.43.jar:?]
	at com.mojang.authlib.yggdrasil.YggdrasilUserApiService.<init>(YggdrasilUserApiService.java:55) ~[authlib-4.0.43.jar:?]
	at com.mojang.authlib.yggdrasil.YggdrasilAuthenticationService.createUserApiService(YggdrasilAuthenticationService.java:124) ~[authlib-4.0.43.jar:?]
	at net.minecraft.client.MinecraftClient.createUserApiService(MinecraftClient.java:733) ~[minecraft-merged-7787b014d4-1.20.1-net.fabricmc.yarn.1_20_1.1.20.1+build.10-v2.jar:?]
	at net.minecraft.client.MinecraftClient.<init>(MinecraftClient.java:442) ~[minecraft-merged-7787b014d4-1.20.1-net.fabricmc.yarn.1_20_1.1.20.1+build.10-v2.jar:?]
	at net.minecraft.client.main.Main.main(Main.java:211) ~[minecraft-merged-7787b014d4-1.20.1-net.fabricmc.yarn.1_20_1.1.20.1+build.10-v2.jar:?]
	at net.fabricmc.loader.impl.game.minecraft.MinecraftGameProvider.launch(MinecraftGameProvider.java:480) ~[fabric-loader-0.16.10.jar:?]
	at net.fabricmc.loader.impl.launch.knot.Knot.launch(Knot.java:74) ~[fabric-loader-0.16.10.jar:?]
	at net.fabricmc.loader.impl.launch.knot.KnotClient.main(KnotClient.java:23) ~[fabric-loader-0.16.10.jar:?]
	at net.fabricmc.devlaunchinjector.Main.main(Main.java:86) ~[dev-launch-injector-0.2.1+build.8.jar:?]
Caused by: com.mojang.authlib.exceptions.MinecraftClientHttpException: Status: 401
	at com.mojang.authlib.minecraft.client.MinecraftClient.readInputStream(MinecraftClient.java:85) ~[authlib-4.0.43.jar:?]
	at com.mojang.authlib.minecraft.client.MinecraftClient.get(MinecraftClient.java:48) ~[authlib-4.0.43.jar:?]
	at com.mojang.authlib.yggdrasil.YggdrasilUserApiService.fetchProperties(YggdrasilUserApiService.java:129) ~[authlib-4.0.43.jar:?]
	... 9 more
[09:58:09] [Render thread/INFO] (Minecraft) Setting user: Player254
[09:58:09] [Render thread/INFO] (Indigo) [Indigo] Registering Indigo renderer!
[09:58:10] [Render thread/INFO] (Minecraft) Backend library: LWJGL version 3.3.1 SNAPSHOT
[09:58:11] [Render thread/INFO] (Minecraft) Reloading ResourceManager: vanilla, fabric (fabric-biome-api-v1, fabric-renderer-api-v1, fabric-models-v0, fabric-api-lookup-api-v1, fabric-convention-tags-v1, fabric-loot-tables-v1, fabric-client-tags-api-v1, fabric-mining-level-api-v1, fabric-item-group-api-v1, fabric-crash-report-info-v1, fabric-transitive-access-wideners-v1, fabric-sound-api-v1, fabric-keybindings-v0, fabric-blockrenderlayer-v1, fabric-renderer-indigo, fabric-networking-v0, fabric-command-api-v2, fabric-block-api-v1, fabric-containers-v0, fabric-events-lifecycle-v0, fabric-renderer-registries-v1, fabric-object-builder-api-v1, fabric-data-attachment-api-v1, fabric-dimensions-v1, fabric-registry-sync-v0, fabric-game-rule-api-v1, fabric-screen-api-v1, fabric-key-binding-api-v1, fabric-data-generation-api-v1, fabric-api, fabricloader, fabric-events-interaction-v0, fabric-loot-api-v2, fabric-transfer-api-v1, fabric-rendering-v1, fabric-particles-v1, fabric-content-registries-v0, fabric-api-base, fabric-screen-handler-api-v1, fabric-resource-conditions-api-v1, fabric-item-api-v1, fabric-resource-loader-v0, fabric-rendering-fluids-v1, fabric-rendering-v0, fabric-model-loading-api-v1, fabric-message-api-v1, fabric-block-view-api-v2, fabric-gametest-api-v1, fabric-entity-events-v1, fabric-lifecycle-events-v1, fabric-commands-v0, fabric-networking-api-v1, fabric-rendering-data-attachment-v1, fabric-recipe-api-v1, fabric-command-api-v1)
[09:58:11] [Worker-Main-1/INFO] (Minecraft) Found unifont_all_no_pua-15.0.06.hex, loading
[09:58:13] [Realms Notification Availability checker #1/INFO] (Minecraft) Could not authorize you against Realms server: java.lang.RuntimeException: Failed to parse into SignedJWT: FabricMC
[09:58:13] [Render thread/WARN] (Minecraft) Missing sound for event: minecraft:item.goat_horn.play
[09:58:13] [Render thread/WARN] (Minecraft) Missing sound for event: minecraft:entity.goat.screaming.horn_break
[09:58:13] [Render thread/INFO] (Minecraft) OpenAL initialized on device OpenAL Soft on 扬声器 (Realtek High Definition Audio)
[09:58:13] [Render thread/INFO] (Minecraft) Sound engine started
[09:58:13] [Render thread/INFO] (Minecraft) Created: 1024x512x4 minecraft:textures/atlas/blocks.png-atlas
[09:58:13] [Render thread/INFO] (Minecraft) Created: 256x256x4 minecraft:textures/atlas/signs.png-atlas
[09:58:13] [Render thread/INFO] (Minecraft) Created: 512x512x4 minecraft:textures/atlas/shield_patterns.png-atlas
[09:58:13] [Render thread/INFO] (Minecraft) Created: 512x512x4 minecraft:textures/atlas/banner_patterns.png-atlas
[09:58:13] [Render thread/INFO] (Minecraft) Created: 1024x1024x4 minecraft:textures/atlas/armor_trims.png-atlas
[09:58:13] [Render thread/INFO] (Minecraft) Created: 128x64x4 minecraft:textures/atlas/decorated_pot.png-atlas
[09:58:13] [Render thread/INFO] (Minecraft) Created: 256x256x4 minecraft:textures/atlas/chest.png-atlas
[09:58:13] [Render thread/INFO] (Minecraft) Created: 512x256x4 minecraft:textures/atlas/shulker_boxes.png-atlas
[09:58:13] [Render thread/INFO] (Minecraft) Created: 512x256x4 minecraft:textures/atlas/beds.png-atlas
[09:58:13] [Render thread/WARN] (Minecraft) Shader rendertype_entity_translucent_emissive could not find sampler named Sampler2 in the specified shader program.
[09:58:13] [Render thread/INFO] (Minecraft) Created: 256x256x0 minecraft:textures/atlas/particles.png-atlas
[09:58:13] [Render thread/INFO] (Minecraft) Created: 256x256x0 minecraft:textures/atlas/paintings.png-atlas
[09:58:13] [Render thread/INFO] (Minecraft) Created: 128x128x0 minecraft:textures/atlas/mob_effects.png-atlas
[09:58:23] [Render thread/INFO] (Minecraft) Loaded 7 recipes
[09:58:23] [Render thread/INFO] (Minecraft) Loaded 1271 advancements
[09:58:23] [Render thread/INFO] (BiomeModificationImpl) Applied 0 biome modifications to 0 of 64 new biomes in 1.459 ms
[09:58:23] [Server thread/INFO] (Minecraft) Starting integrated minecraft server version 1.20.1
[09:58:23] [Server thread/INFO] (Minecraft) Generating keypair
[09:58:25] [Server thread/INFO] (Minecraft) Preparing start region for dimension minecraft:overworld
[09:58:27] [Render thread/INFO] (Minecraft) Preparing spawn area: 0%
[09:58:27] [Render thread/INFO] (Minecraft) Preparing spawn area: 0%
[09:58:27] [Render thread/INFO] (Minecraft) Preparing spawn area: 0%
[09:58:27] [Render thread/INFO] (Minecraft) Preparing spawn area: 0%
[09:58:27] [Render thread/INFO] (Minecraft) Preparing spawn area: 0%
[09:58:28] [Render thread/INFO] (Minecraft) Preparing spawn area: 0%
[09:58:28] [Render thread/INFO] (Minecraft) Preparing spawn area: 45%
[09:58:29] [Render thread/INFO] (Minecraft) Time elapsed: 3261 ms
[09:58:29] [Server thread/INFO] (Minecraft) Changing view distance to 12, from 10
[09:58:29] [Server thread/INFO] (Minecraft) Changing simulation distance to 12, from 0
[09:58:30] [Server thread/INFO] (Minecraft) Player254[local:E:45cd5b18] logged in with entity id 96 at (338.9766533957643, 71.87531566550953, -229.33036018705172)
[09:58:30] [Server thread/INFO] (Minecraft) Player254 joined the game
[09:58:32] [Render thread/INFO] (Minecraft) Loaded 45 advancements
[09:58:32] [Server thread/INFO] (Minecraft) Saving and pausing game...
[09:58:33] [Server thread/INFO] (Minecraft) Saving chunks for level 'ServerLevel[New World]'/minecraft:overworld
[09:58:33] [Server thread/INFO] (Minecraft) Saving chunks for level 'ServerLevel[New World]'/minecraft:the_nether
[09:58:33] [Server thread/INFO] (Minecraft) Saving chunks for level 'ServerLevel[New World]'/minecraft:the_end
[09:58:36] [Render thread/INFO] (Minecraft) [System] [CHAT] 功能及使用:
[09:58:36] [Render thread/INFO] (Minecraft) [System] [CHAT]       
[09:58:36] [Render thread/INFO] (Minecraft) [System] [CHAT] 1.本战术护目镜主要针对于打怪，采用了防守式自瞄设计（索敌范围50格，优先锁定距离自身最近的生物）
[09:58:36] [Render thread/INFO] (Minecraft) [System] [CHAT]       
[09:58:36] [Render thread/INFO] (Minecraft) [System] [CHAT] 2.功能:1.生物高度差锁头（任何生物，也包括玩家趴下后的状态）2.近战杀戮光环退敌控距（距离自身10格以内触发）3.流畅的线条标记指向(玩家白线，其他黄线) 4.玩家/生物信息显示(详细/简易)
[09:58:36] [Render thread/INFO] (Minecraft) [System] [CHAT]       
[09:58:36] [Render thread/INFO] (Minecraft) [System] [CHAT] 3.使用:按下c启动，x关闭，右键，按 R 开关杀戮光环，杀戮光环将在十格以内锁定距离自身最近生物并进行攻击
[09:58:36] [Render thread/INFO] (Minecraft) [System] [CHAT] §c警告事项:请乎将帧数设置为无限制，过高的帧数很可能在一些体量过大的整合包中导致渲染崩溃
[09:58:38] [Render thread/INFO] (Minecraft) [System] [CHAT] §eKillAuraMode: true
[09:58:38] [Render thread/INFO] (Minecraft) [System] [CHAT] §eKillAuraMode: false
[09:58:40] [Render thread/INFO] (Minecraft) [System] [CHAT] 战术护目镜1.0§b【作者:millok_ , KSmc_brigade】
[09:58:40] [Render thread/INFO] (Minecraft) [System] [CHAT] §eKillAuraMode: true
[09:58:46] [Render thread/INFO] (Minecraft) [System] [CHAT] §e战术护目镜启动！
[09:59:00] [Server thread/INFO] (Minecraft) Player254 has made the advancement [Monster Hunter]
[09:59:00] [Render thread/INFO] (Minecraft) [System] [CHAT] Player254 has made the advancement [Monster Hunter]
[09:59:00] [Render thread/INFO] (Minecraft) Loaded 76 advancements
[10:00:04] [Render thread/INFO] (Minecraft) [System] [CHAT] §e关闭！
[10:00:52] [Render thread/INFO] (Minecraft) [System] [CHAT] §e战术护目镜启动！
[10:00:55] [Render thread/INFO] (Minecraft) Loaded 79 advancements
[10:01:25] [Server thread/INFO] (Minecraft) Saving and pausing game...
[10:01:25] [Server thread/INFO] (Minecraft) Saving chunks for level 'ServerLevel[New World]'/minecraft:overworld
[10:01:25] [Server thread/INFO] (Minecraft) Saving chunks for level 'ServerLevel[New World]'/minecraft:the_nether
[10:01:25] [Server thread/INFO] (Minecraft) Saving chunks for level 'ServerLevel[New World]'/minecraft:the_end
[10:04:49] [Render thread/INFO] (Minecraft) [System] [CHAT] Value of attribute Attack Speed for entity Player254 is 1024.0
[10:04:56] [Server thread/INFO] (Minecraft) Player254 was killed
[10:04:56] [Server thread/INFO] (Minecraft) [Player254: Killed Player254]
[10:04:56] [Render thread/INFO] (Minecraft) [System] [CHAT] Player254 was killed
[10:04:56] [Render thread/INFO] (Minecraft) [System] [CHAT] Killed Player254
[10:04:59] [Render thread/INFO] (Minecraft) Loaded 79 advancements
[10:05:00] [Render thread/INFO] (Minecraft) [System] [CHAT] Value of attribute Attack Speed for entity Player254 is 4.0
[10:05:06] [Render thread/INFO] (Minecraft) [System] [CHAT] §e战术护目镜启动！
[10:05:09] [Render thread/INFO] (Minecraft) Loaded 79 advancements
[10:05:11] [Render thread/INFO] (Minecraft) Loaded 79 advancements
[10:05:12] [Render thread/INFO] (Minecraft) [System] [CHAT] §eKillAuraMode: true
[10:05:12] [Render thread/INFO] (Minecraft) [System] [CHAT] §eKillAuraMode: false
[10:05:14] [Render thread/INFO] (Minecraft) [System] [CHAT] §eKillAuraMode: true
[10:05:18] [Render thread/INFO] (Minecraft) [System] [CHAT] Target has no effects to remove
[10:05:22] [Server thread/INFO] (Minecraft) [Player254: Removed every effect from 298 targets]
[10:05:22] [Render thread/INFO] (Minecraft) [System] [CHAT] Removed every effect from 298 targets
[10:05:35] [Server thread/INFO] (Minecraft) [Player254: Summoned new Wither]
[10:05:35] [Render thread/INFO] (Minecraft) [System] [CHAT] Summoned new Wither
[10:06:12] [Render thread/INFO] (Minecraft) Loaded 82 advancements
[10:06:16] [Render thread/INFO] (Minecraft) Loaded 83 advancements
[10:06:20] [Render thread/INFO] (Minecraft) [System] [CHAT] §e关闭！
[10:06:20] [Render thread/INFO] (Minecraft) [System] [CHAT] §e战术护目镜启动！
[10:06:21] [Render thread/INFO] (Minecraft) [System] [CHAT] §e关闭！
[10:06:22] [Render thread/INFO] (Minecraft) [System] [CHAT] §eKillAuraMode: false
[10:06:22] [Render thread/INFO] (Minecraft) [System] [CHAT] §eKillAuraMode: true
[10:06:32] [Render thread/INFO] (Minecraft) [System] [CHAT] §eKillAuraMode: false
[10:06:32] [Render thread/INFO] (Minecraft) [System] [CHAT] §eKillAuraMode: true
[10:06:33] [Render thread/INFO] (Minecraft) [System] [CHAT] §eKillAuraMode: false
[10:06:35] [Server thread/INFO] (Minecraft) Saving and pausing game...
[10:06:35] [Server thread/INFO] (Minecraft) Saving chunks for level 'ServerLevel[New World]'/minecraft:overworld
[10:06:35] [Server thread/INFO] (Minecraft) Saving chunks for level 'ServerLevel[New World]'/minecraft:the_nether
[10:06:35] [Server thread/INFO] (Minecraft) Saving chunks for level 'ServerLevel[New World]'/minecraft:the_end
[10:06:41] [Server thread/INFO] (Minecraft) Player254 lost connection: Disconnected
[10:06:41] [Server thread/INFO] (Minecraft) Player254 left the game
[10:06:41] [Server thread/INFO] (Minecraft) Stopping singleplayer server as player logged out
[10:06:41] [Server thread/INFO] (Minecraft) Stopping server
[10:06:41] [Server thread/INFO] (Minecraft) Saving players
[10:06:41] [Server thread/INFO] (Minecraft) Saving worlds
[10:06:41] [Server thread/INFO] (Minecraft) Saving chunks for level 'ServerLevel[New World]'/minecraft:overworld
[10:06:42] [Server thread/INFO] (Minecraft) Saving chunks for level 'ServerLevel[New World]'/minecraft:the_nether
[10:06:42] [Server thread/INFO] (Minecraft) Saving chunks for level 'ServerLevel[New World]'/minecraft:the_end
[10:06:42] [Server thread/INFO] (Minecraft) ThreadedAnvilChunkStorage (New World): All chunks are saved
[10:06:42] [Server thread/INFO] (Minecraft) ThreadedAnvilChunkStorage (DIM-1): All chunks are saved
[10:06:42] [Server thread/INFO] (Minecraft) ThreadedAnvilChunkStorage (DIM1): All chunks are saved
[10:06:42] [Server thread/INFO] (Minecraft) ThreadedAnvilChunkStorage: All dimensions are saved
[10:06:43] [Render thread/INFO] (Minecraft) Stopping!
